# JRE version: OpenJDK Runtime Environment Temurin-17.0.4.1+1 (17.0.4.1+1) (build 17.0.4.1+1)
# Java VM: OpenJDK 64-Bit Server VM Temurin-17.0.4.1+1 (17.0.4.1+1, mixed mode, tiered, compressed oops, compressed class ptrs, parallel gc, windows-amd64)
GC Precious Log:
 CPUs: 8 total, 8 available
 Memory: 8139M
 Large Page Support: Disabled
 NUMA Support: Disabled
 Compressed Oops: Enabled (32-bit)
 Alignments: Space 512K, Generation 512K, Heap 2M
 Heap Min Capacity: 100M
 Heap Initial Capacity: 100M
 Heap Max Capacity: 1G
 Pre-touch: Disabled
 Parallel Workers: 8
Heap:
 PSYoungGen      total 8192K, used 2045K [0x00000000eab00000, 0x00000000ebf00000, 0x0000000100000000)
  eden space 6144K, 0% used [0x00000000eab00000,0x00000000eab00000,0x00000000eb100000)
  from space 2048K, 99% used [0x00000000eb380000,0x00000000eb57f518,0x00000000eb580000)
  to   space 7168K, 0% used [0x00000000eb800000,0x00000000eb800000,0x00000000ebf00000)
 ParOldGen       total 528384K, used 525563K [0x00000000c0000000, 0x00000000e0400000, 0x00000000eab00000)
  object space 528384K, 99% used [0x00000000c0000000,0x00000000e013ec28,0x00000000e0400000)
 Metaspace       used 90665K, committed 91840K, reserved 1138688K
  class space    used 8607K, committed 9216K, reserved 1048576K
GC Heap History (20 events):
Event: 5692.510 GC heap after
{Heap after GC invocations=9975 (full 280):
 PSYoungGen      total 6656K, used 384K [0x00000000eab00000, 0x00000000eb580000, 0x0000000100000000)
  eden space 6144K, 0% used [0x00000000eab00000,0x00000000eab00000,0x00000000eb100000)
  from space 512K, 75% used [0x00000000eb500000,0x00000000eb560000,0x00000000eb580000)
  to   space 512K, 0% used [0x00000000eb480000,0x00000000eb480000,0x00000000eb500000)
 ParOldGen       total 528384K, used 517004K [0x00000000c0000000, 0x00000000e0400000, 0x00000000eab00000)
  object space 528384K, 97% used [0x00000000c0000000,0x00000000df8e3270,0x00000000e0400000)
 Metaspace       used 90660K, committed 91840K, reserved 1138688K
  class space    used 8607K, committed 9216K, reserved 1048576K
}
Event: 5750.962 GC heap before
{Heap before GC invocations=9976 (full 280):
 PSYoungGen      total 6656K, used 6528K [0x00000000eab00000, 0x00000000eb580000, 0x0000000100000000)
  eden space 6144K, 100% used [0x00000000eab00000,0x00000000eb100000,0x00000000eb100000)
  from space 512K, 75% used [0x00000000eb500000,0x00000000eb560000,0x00000000eb580000)
  to   space 512K, 0% used [0x00000000eb480000,0x00000000eb480000,0x00000000eb500000)
 ParOldGen       total 528384K, used 517004K [0x00000000c0000000, 0x00000000e0400000, 0x00000000eab00000)
  object space 528384K, 97% used [0x00000000c0000000,0x00000000df8e3270,0x00000000e0400000)
 Metaspace       used 90663K, committed 91840K, reserved 1138688K
  class space    used 8607K, committed 9216K, reserved 1048576K
}
Event: 5750.964 GC heap after
{Heap after GC invocations=9976 (full 280):
 PSYoungGen      total 6656K, used 352K [0x00000000eab00000, 0x00000000eb580000, 0x0000000100000000)
  eden space 6144K, 0% used [0x00000000eab00000,0x00000000eab00000,0x00000000eb100000)
  from space 512K, 68% used [0x00000000eb480000,0x00000000eb4d8000,0x00000000eb500000)
  to   space 512K, 0% used [0x00000000eb500000,0x00000000eb500000,0x00000000eb580000)
 ParOldGen       total 528384K, used 517028K [0x00000000c0000000, 0x00000000e0400000, 0x00000000eab00000)
  object space 528384K, 97% used [0x00000000c0000000,0x00000000df8e9270,0x00000000e0400000)
 Metaspace       used 90663K, committed 91840K, reserved 1138688K
  class space    used 8607K, committed 9216K, reserved 1048576K
}
Event: 5858.452 GC heap before
{Heap before GC invocations=9977 (full 280):
 PSYoungGen      total 6656K, used 6496K [0x00000000eab00000, 0x00000000eb580000, 0x0000000100000000)
  eden space 6144K, 100% used [0x00000000eab00000,0x00000000eb100000,0x00000000eb100000)
  from space 512K, 68% used [0x00000000eb480000,0x00000000eb4d8000,0x00000000eb500000)
  to   space 512K, 0% used [0x00000000eb500000,0x00000000eb500000,0x00000000eb580000)
 ParOldGen       total 528384K, used 517028K [0x00000000c0000000, 0x00000000e0400000, 0x00000000eab00000)
  object space 528384K, 97% used [0x00000000c0000000,0x00000000df8e9270,0x00000000e0400000)
 Metaspace       used 90663K, committed 91840K, reserved 1138688K
  class space    used 8607K, committed 9216K, reserved 1048576K
}
Event: 5858.455 GC heap after
{Heap after GC invocations=9977 (full 280):
 PSYoungGen      total 6656K, used 288K [0x00000000eab00000, 0x00000000eb580000, 0x0000000100000000)
  eden space 6144K, 0% used [0x00000000eab00000,0x00000000eab00000,0x00000000eb100000)
  from space 512K, 56% used [0x00000000eb500000,0x00000000eb548000,0x00000000eb580000)
  to   space 512K, 0% used [0x00000000eb480000,0x00000000eb480000,0x00000000eb500000)
 ParOldGen       total 528384K, used 517036K [0x00000000c0000000, 0x00000000e0400000, 0x00000000eab00000)
  object space 528384K, 97% used [0x00000000c0000000,0x00000000df8eb270,0x00000000e0400000)
 Metaspace       used 90663K, committed 91840K, reserved 1138688K
  class space    used 8607K, committed 9216K, reserved 1048576K
}
Event: 6092.231 GC heap before
{Heap before GC invocations=9978 (full 280):
 PSYoungGen      total 6656K, used 6432K [0x00000000eab00000, 0x00000000eb580000, 0x0000000100000000)
  eden space 6144K, 100% used [0x00000000eab00000,0x00000000eb100000,0x00000000eb100000)
  from space 512K, 56% used [0x00000000eb500000,0x00000000eb548000,0x00000000eb580000)
  to   space 512K, 0% used [0x00000000eb480000,0x00000000eb480000,0x00000000eb500000)
 ParOldGen       total 528384K, used 517036K [0x00000000c0000000, 0x00000000e0400000, 0x00000000eab00000)
  object space 528384K, 97% used [0x00000000c0000000,0x00000000df8eb270,0x00000000e0400000)
 Metaspace       used 90664K, committed 91840K, reserved 1138688K
  class space    used 8607K, committed 9216K, reserved 1048576K
}
Event: 6092.235 GC heap after
{Heap after GC invocations=9978 (full 280):
 PSYoungGen      total 6656K, used 384K [0x00000000eab00000, 0x00000000eb580000, 0x0000000100000000)
  eden space 6144K, 0% used [0x00000000eab00000,0x00000000eab00000,0x00000000eb100000)
  from space 512K, 75% used [0x00000000eb480000,0x00000000eb4e0000,0x00000000eb500000)
  to   space 512K, 0% used [0x00000000eb500000,0x00000000eb500000,0x00000000eb580000)
 ParOldGen       total 528384K, used 517060K [0x00000000c0000000, 0x00000000e0400000, 0x00000000eab00000)
  object space 528384K, 97% used [0x00000000c0000000,0x00000000df8f1270,0x00000000e0400000)
 Metaspace       used 90664K, committed 91840K, reserved 1138688K
  class space    used 8607K, committed 9216K, reserved 1048576K
}
Event: 6267.652 GC heap before
{Heap before GC invocations=9979 (full 280):
 PSYoungGen      total 6656K, used 6526K [0x00000000eab00000, 0x00000000eb580000, 0x0000000100000000)
  eden space 6144K, 99% used [0x00000000eab00000,0x00000000eb0ff928,0x00000000eb100000)
  from space 512K, 75% used [0x00000000eb480000,0x00000000eb4e0000,0x00000000eb500000)
  to   space 512K, 0% used [0x00000000eb500000,0x00000000eb500000,0x00000000eb580000)
 ParOldGen       total 528384K, used 517060K [0x00000000c0000000, 0x00000000e0400000, 0x00000000eab00000)
  object space 528384K, 97% used [0x00000000c0000000,0x00000000df8f1270,0x00000000e0400000)
 Metaspace       used 90664K, committed 91840K, reserved 1138688K
  class space    used 8607K, committed 9216K, reserved 1048576K
}
Event: 6267.657 GC heap after
{Heap after GC invocations=9979 (full 280):
 PSYoungGen      total 6656K, used 511K [0x00000000eab00000, 0x00000000eb600000, 0x0000000100000000)
  eden space 6144K, 0% used [0x00000000eab00000,0x00000000eab00000,0x00000000eb100000)
  from space 512K, 99% used [0x00000000eb500000,0x00000000eb57fd08,0x00000000eb580000)
  to   space 2560K, 0% used [0x00000000eb100000,0x00000000eb100000,0x00000000eb380000)
 ParOldGen       total 528384K, used 518590K [0x00000000c0000000, 0x00000000e0400000, 0x00000000eab00000)
  object space 528384K, 98% used [0x00000000c0000000,0x00000000dfa6faf8,0x00000000e0400000)
 Metaspace       used 90664K, committed 91840K, reserved 1138688K
  class space    used 8607K, committed 9216K, reserved 1048576K
}
Event: 6268.061 GC heap before
{Heap before GC invocations=9980 (full 280):
 PSYoungGen      total 6656K, used 6655K [0x00000000eab00000, 0x00000000eb600000, 0x0000000100000000)
  eden space 6144K, 100% used [0x00000000eab00000,0x00000000eb100000,0x00000000eb100000)
  from space 512K, 99% used [0x00000000eb500000,0x00000000eb57fd08,0x00000000eb580000)
  to   space 2560K, 0% used [0x00000000eb100000,0x00000000eb100000,0x00000000eb380000)
 ParOldGen       total 528384K, used 518590K [0x00000000c0000000, 0x00000000e0400000, 0x00000000eab00000)
  object space 528384K, 98% used [0x00000000c0000000,0x00000000dfa6faf8,0x00000000e0400000)
 Metaspace       used 90664K, committed 91840K, reserved 1138688K
  class space    used 8607K, committed 9216K, reserved 1048576K
}
Event: 6268.067 GC heap after
{Heap after GC invocations=9980 (full 280):
 PSYoungGen      total 8704K, used 2536K [0x00000000eab00000, 0x00000000ebd00000, 0x0000000100000000)
  eden space 6144K, 0% used [0x00000000eab00000,0x00000000eab00000,0x00000000eb100000)
  from space 2560K, 99% used [0x00000000eb100000,0x00000000eb37a260,0x00000000eb380000)
  to   space 6144K, 0% used [0x00000000eb700000,0x00000000eb700000,0x00000000ebd00000)
 ParOldGen       total 528384K, used 521357K [0x00000000c0000000, 0x00000000e0400000, 0x00000000eab00000)
  object space 528384K, 98% used [0x00000000c0000000,0x00000000dfd23670,0x00000000e0400000)
 Metaspace       used 90664K, committed 91840K, reserved 1138688K
  class space    used 8607K, committed 9216K, reserved 1048576K
}
Event: 6269.684 GC heap before
{Heap before GC invocations=9981 (full 280):
 PSYoungGen      total 8704K, used 8601K [0x00000000eab00000, 0x00000000ebd00000, 0x0000000100000000)
  eden space 6144K, 98% used [0x00000000eab00000,0x00000000eb0ec4b0,0x00000000eb100000)
  from space 2560K, 99% used [0x00000000eb100000,0x00000000eb37a260,0x00000000eb380000)
  to   space 6144K, 0% used [0x00000000eb700000,0x00000000eb700000,0x00000000ebd00000)
 ParOldGen       total 528384K, used 521357K [0x00000000c0000000, 0x00000000e0400000, 0x00000000eab00000)
  object space 528384K, 98% used [0x00000000c0000000,0x00000000dfd23670,0x00000000e0400000)
 Metaspace       used 90664K, committed 91840K, reserved 1138688K
  class space    used 8607K, committed 9216K, reserved 1048576K
}
Event: 6269.687 GC heap after
{Heap after GC invocations=9981 (full 280):
 PSYoungGen      total 8192K, used 1572K [0x00000000eab00000, 0x00000000eb900000, 0x0000000100000000)
  eden space 6144K, 0% used [0x00000000eab00000,0x00000000eab00000,0x00000000eb100000)
  from space 2048K, 76% used [0x00000000eb700000,0x00000000eb8891c0,0x00000000eb900000)
  to   space 3072K, 0% used [0x00000000eb300000,0x00000000eb300000,0x00000000eb600000)
 ParOldGen       total 528384K, used 521357K [0x00000000c0000000, 0x00000000e0400000, 0x00000000eab00000)
  object space 528384K, 98% used [0x00000000c0000000,0x00000000dfd23670,0x00000000e0400000)
 Metaspace       used 90664K, committed 91840K, reserved 1138688K
  class space    used 8607K, committed 9216K, reserved 1048576K
}
Event: 6697.555 GC heap before
{Heap before GC invocations=9982 (full 280):
 PSYoungGen      total 8192K, used 7716K [0x00000000eab00000, 0x00000000eb900000, 0x0000000100000000)
  eden space 6144K, 100% used [0x00000000eab00000,0x00000000eb100000,0x00000000eb100000)
  from space 2048K, 76% used [0x00000000eb700000,0x00000000eb8891c0,0x00000000eb900000)
  to   space 3072K, 0% used [0x00000000eb300000,0x00000000eb300000,0x00000000eb600000)
 ParOldGen       total 528384K, used 521357K [0x00000000c0000000, 0x00000000e0400000, 0x00000000eab00000)
  object space 528384K, 98% used [0x00000000c0000000,0x00000000dfd23670,0x00000000e0400000)
 Metaspace       used 90665K, committed 91840K, reserved 1138688K
  class space    used 8607K, committed 9216K, reserved 1048576K
}
Event: 6697.560 GC heap after
{Heap after GC invocations=9982 (full 280):
 PSYoungGen      total 9216K, used 720K [0x00000000eab00000, 0x00000000eb780000, 0x0000000100000000)
  eden space 6144K, 0% used [0x00000000eab00000,0x00000000eab00000,0x00000000eb100000)
  from space 3072K, 23% used [0x00000000eb300000,0x00000000eb3b4010,0x00000000eb600000)
  to   space 1536K, 0% used [0x00000000eb600000,0x00000000eb600000,0x00000000eb780000)
 ParOldGen       total 528384K, used 521365K [0x00000000c0000000, 0x00000000e0400000, 0x00000000eab00000)
  object space 528384K, 98% used [0x00000000c0000000,0x00000000dfd25670,0x00000000e0400000)
 Metaspace       used 90665K, committed 91840K, reserved 1138688K
  class space    used 8607K, committed 9216K, reserved 1048576K
}
Event: 6759.605 GC heap before
{Heap before GC invocations=9983 (full 280):
 PSYoungGen      total 9216K, used 6864K [0x00000000eab00000, 0x00000000eb780000, 0x0000000100000000)
  eden space 6144K, 100% used [0x00000000eab00000,0x00000000eb100000,0x00000000eb100000)
  from space 3072K, 23% used [0x00000000eb300000,0x00000000eb3b4010,0x00000000eb600000)
  to   space 1536K, 0% used [0x00000000eb600000,0x00000000eb600000,0x00000000eb780000)
 ParOldGen       total 528384K, used 521365K [0x00000000c0000000, 0x00000000e0400000, 0x00000000eab00000)
  object space 528384K, 98% used [0x00000000c0000000,0x00000000dfd25670,0x00000000e0400000)
 Metaspace       used 90665K, committed 91840K, reserved 1138688K
  class space    used 8607K, committed 9216K, reserved 1048576K
}
Event: 6759.610 GC heap after
{Heap after GC invocations=9983 (full 280):
 PSYoungGen      total 7680K, used 1430K [0x00000000eab00000, 0x00000000eb780000, 0x0000000100000000)
  eden space 6144K, 0% used [0x00000000eab00000,0x00000000eab00000,0x00000000eb100000)
  from space 1536K, 93% used [0x00000000eb600000,0x00000000eb765830,0x00000000eb780000)
  to   space 2048K, 0% used [0x00000000eb380000,0x00000000eb380000,0x00000000eb580000)
 ParOldGen       total 528384K, used 521365K [0x00000000c0000000, 0x00000000e0400000, 0x00000000eab00000)
  object space 528384K, 98% used [0x00000000c0000000,0x00000000dfd25670,0x00000000e0400000)
 Metaspace       used 90665K, committed 91840K, reserved 1138688K
  class space    used 8607K, committed 9216K, reserved 1048576K
}
Event: 6759.826 GC heap before
{Heap before GC invocations=9984 (full 280):
 PSYoungGen      total 7680K, used 7574K [0x00000000eab00000, 0x00000000eb780000, 0x0000000100000000)
  eden space 6144K, 100% used [0x00000000eab00000,0x00000000eb100000,0x00000000eb100000)
  from space 1536K, 93% used [0x00000000eb600000,0x00000000eb765830,0x00000000eb780000)
  to   space 2048K, 0% used [0x00000000eb380000,0x00000000eb380000,0x00000000eb580000)
 ParOldGen       total 528384K, used 521365K [0x00000000c0000000, 0x00000000e0400000, 0x00000000eab00000)
  object space 528384K, 98% used [0x00000000c0000000,0x00000000dfd25670,0x00000000e0400000)
 Metaspace       used 90665K, committed 91840K, reserved 1138688K
  class space    used 8607K, committed 9216K, reserved 1048576K
}
Event: 6759.832 GC heap after
{Heap after GC invocations=9984 (full 280):
 PSYoungGen      total 8192K, used 2045K [0x00000000eab00000, 0x00000000ebf00000, 0x0000000100000000)
  eden space 6144K, 0% used [0x00000000eab00000,0x00000000eab00000,0x00000000eb100000)
  from space 2048K, 99% used [0x00000000eb380000,0x00000000eb57f518,0x00000000eb580000)
  to   space 7168K, 0% used [0x00000000eb800000,0x00000000eb800000,0x00000000ebf00000)
 ParOldGen       total 528384K, used 525563K [0x00000000c0000000, 0x00000000e0400000, 0x00000000eab00000)
  object space 528384K, 99% used [0x00000000c0000000,0x00000000e013ec28,0x00000000e0400000)
 Metaspace       used 90665K, committed 91840K, reserved 1138688K
  class space    used 8607K, committed 9216K, reserved 1048576K
}
Event: 6759.833 GC heap before
{Heap before GC invocations=9985 (full 281):
 PSYoungGen      total 8192K, used 2045K [0x00000000eab00000, 0x00000000ebf00000, 0x0000000100000000)
  eden space 6144K, 0% used [0x00000000eab00000,0x00000000eab00000,0x00000000eb100000)
  from space 2048K, 99% used [0x00000000eb380000,0x00000000eb57f518,0x00000000eb580000)
  to   space 7168K, 0% used [0x00000000eb800000,0x00000000eb800000,0x00000000ebf00000)
 ParOldGen       total 528384K, used 525563K [0x00000000c0000000, 0x00000000e0400000, 0x00000000eab00000)
  object space 528384K, 99% used [0x00000000c0000000,0x00000000e013ec28,0x00000000e0400000)
 Metaspace       used 90665K, committed 91840K, reserved 1138688K
  class space    used 8607K, committed 9216K, reserved 1048576K
}

