# JRE version: Java(TM) SE Runtime Environment (17.0.4.1+1) (build 17.0.4.1+1-LTS-2)
# Java VM: Java HotSpot(TM) 64-Bit Server VM (17.0.4.1+1-LTS-2, mixed mode, sharing, tiered, compressed oops, compressed class ptrs, g1 gc, windows-amd64)
GC Precious Log:
 CPUs: 8 total, 8 available
 Memory: 8139M
 Large Page Support: Disabled
 NUMA Support: Disabled
 Compressed Oops: Enabled (32-bit)
 Heap Region Size: 1M
 Heap Min Capacity: 8M
 Heap Initial Capacity: 128M
 Heap Max Capacity: 2036M
 Pre-touch: Disabled
 Parallel Workers: 8
 Concurrent Workers: 2
 Concurrent Refinement Workers: 8
 Periodic GC: Disabled
Heap:
 garbage-first heap   total 96256K, used 63793K [0x0000000080c00000, 0x0000000100000000)
  region size 1024K, 45 young (46080K), 1 survivors (1024K)
 Metaspace       used 52991K, committed 53312K, reserved 1097728K
  class space    used 7313K, committed 7488K, reserved 1048576K
GC Heap History (20 events):
Event: 4.117 GC heap before
{Heap before GC invocations=2 (full 0):
 garbage-first heap   total 131072K, used 54197K [0x0000000080c00000, 0x0000000100000000)
  region size 1024K, 47 young (48128K), 2 survivors (2048K)
 Metaspace       used 19916K, committed 20160K, reserved 1073152K
  class space    used 2571K, committed 2688K, reserved 1048576K
}
Event: 4.132 GC heap after
{Heap after GC invocations=3 (full 0):
 garbage-first heap   total 131072K, used 11421K [0x0000000080c00000, 0x0000000100000000)
  region size 1024K, 4 young (4096K), 4 survivors (4096K)
 Metaspace       used 19916K, committed 20160K, reserved 1073152K
  class space    used 2571K, committed 2688K, reserved 1048576K
}
Event: 4.697 GC heap before
{Heap before GC invocations=3 (full 0):
 garbage-first heap   total 131072K, used 18589K [0x0000000080c00000, 0x0000000100000000)
  region size 1024K, 12 young (12288K), 4 survivors (4096K)
 Metaspace       used 21284K, committed 21504K, reserved 1073152K
  class space    used 2746K, committed 2816K, reserved 1048576K
}
Event: 4.706 GC heap after
{Heap after GC invocations=4 (full 0):
 garbage-first heap   total 131072K, used 12113K [0x0000000080c00000, 0x0000000100000000)
  region size 1024K, 5 young (5120K), 5 survivors (5120K)
 Metaspace       used 21284K, committed 21504K, reserved 1073152K
  class space    used 2746K, committed 2816K, reserved 1048576K
}
Event: 6.856 GC heap before
{Heap before GC invocations=5 (full 0):
 garbage-first heap   total 48128K, used 35665K [0x0000000080c00000, 0x0000000100000000)
  region size 1024K, 28 young (28672K), 5 survivors (5120K)
 Metaspace       used 25695K, committed 26048K, reserved 1073152K
  class space    used 3407K, committed 3584K, reserved 1048576K
}
Event: 6.885 GC heap after
{Heap after GC invocations=6 (full 0):
 garbage-first heap   total 48128K, used 14621K [0x0000000080c00000, 0x0000000100000000)
  region size 1024K, 4 young (4096K), 4 survivors (4096K)
 Metaspace       used 25695K, committed 26048K, reserved 1073152K
  class space    used 3407K, committed 3584K, reserved 1048576K
}
Event: 6.947 GC heap before
{Heap before GC invocations=6 (full 0):
 garbage-first heap   total 48128K, used 15645K [0x0000000080c00000, 0x0000000100000000)
  region size 1024K, 5 young (5120K), 4 survivors (4096K)
 Metaspace       used 25818K, committed 26176K, reserved 1073152K
  class space    used 3430K, committed 3584K, reserved 1048576K
}
Event: 6.966 GC heap after
{Heap after GC invocations=7 (full 0):
 garbage-first heap   total 48128K, used 14782K [0x0000000080c00000, 0x0000000100000000)
  region size 1024K, 1 young (1024K), 1 survivors (1024K)
 Metaspace       used 25818K, committed 26176K, reserved 1073152K
  class space    used 3430K, committed 3584K, reserved 1048576K
}
Event: 8.620 GC heap before
{Heap before GC invocations=7 (full 0):
 garbage-first heap   total 48128K, used 34238K [0x0000000080c00000, 0x0000000100000000)
  region size 1024K, 20 young (20480K), 1 survivors (1024K)
 Metaspace       used 29950K, committed 30272K, reserved 1081344K
  class space    used 3870K, committed 4032K, reserved 1048576K
}
Event: 8.636 GC heap after
{Heap after GC invocations=8 (full 0):
 garbage-first heap   total 48128K, used 16153K [0x0000000080c00000, 0x0000000100000000)
  region size 1024K, 2 young (2048K), 2 survivors (2048K)
 Metaspace       used 29950K, committed 30272K, reserved 1081344K
  class space    used 3870K, committed 4032K, reserved 1048576K
}
Event: 9.811 GC heap before
{Heap before GC invocations=8 (full 0):
 garbage-first heap   total 48128K, used 35609K [0x0000000080c00000, 0x0000000100000000)
  region size 1024K, 21 young (21504K), 2 survivors (2048K)
 Metaspace       used 35237K, committed 35520K, reserved 1081344K
  class space    used 4488K, committed 4608K, reserved 1048576K
}
Event: 9.818 GC heap after
{Heap after GC invocations=9 (full 0):
 garbage-first heap   total 48128K, used 18009K [0x0000000080c00000, 0x0000000100000000)
  region size 1024K, 2 young (2048K), 2 survivors (2048K)
 Metaspace       used 35237K, committed 35520K, reserved 1081344K
  class space    used 4488K, committed 4608K, reserved 1048576K
}
Event: 10.016 GC heap before
{Heap before GC invocations=9 (full 0):
 garbage-first heap   total 48128K, used 20057K [0x0000000080c00000, 0x0000000100000000)
  region size 1024K, 5 young (5120K), 2 survivors (2048K)
 Metaspace       used 35720K, committed 35968K, reserved 1081344K
  class space    used 4560K, committed 4672K, reserved 1048576K
}
Event: 10.020 GC heap after
{Heap after GC invocations=10 (full 0):
 garbage-first heap   total 48128K, used 18270K [0x0000000080c00000, 0x0000000100000000)
  region size 1024K, 1 young (1024K), 1 survivors (1024K)
 Metaspace       used 35720K, committed 35968K, reserved 1081344K
  class space    used 4560K, committed 4672K, reserved 1048576K
}
Event: 11.394 GC heap before
{Heap before GC invocations=11 (full 0):
 garbage-first heap   total 48128K, used 34654K [0x0000000080c00000, 0x0000000100000000)
  region size 1024K, 18 young (18432K), 1 survivors (1024K)
 Metaspace       used 40214K, committed 40640K, reserved 1089536K
  class space    used 5424K, committed 5632K, reserved 1048576K
}
Event: 11.400 GC heap after
{Heap after GC invocations=12 (full 0):
 garbage-first heap   total 48128K, used 19133K [0x0000000080c00000, 0x0000000100000000)
  region size 1024K, 2 young (2048K), 2 survivors (2048K)
 Metaspace       used 40214K, committed 40640K, reserved 1089536K
  class space    used 5424K, committed 5632K, reserved 1048576K
}
Event: 11.461 GC heap before
{Heap before GC invocations=12 (full 0):
 garbage-first heap   total 48128K, used 19133K [0x0000000080c00000, 0x0000000100000000)
  region size 1024K, 3 young (3072K), 2 survivors (2048K)
 Metaspace       used 40448K, committed 40832K, reserved 1089536K
  class space    used 5455K, committed 5632K, reserved 1048576K
}
Event: 11.468 GC heap after
{Heap after GC invocations=13 (full 0):
 garbage-first heap   total 48128K, used 19088K [0x0000000080c00000, 0x0000000100000000)
  region size 1024K, 1 young (1024K), 1 survivors (1024K)
 Metaspace       used 40448K, committed 40832K, reserved 1089536K
  class space    used 5455K, committed 5632K, reserved 1048576K
}
Event: 12.468 GC heap before
{Heap before GC invocations=13 (full 0):
 garbage-first heap   total 48128K, used 36496K [0x0000000080c00000, 0x0000000100000000)
  region size 1024K, 18 young (18432K), 1 survivors (1024K)
 Metaspace       used 45348K, committed 45632K, reserved 1089536K
  class space    used 6188K, committed 6336K, reserved 1048576K
}
Event: 12.473 GC heap after
{Heap after GC invocations=14 (full 0):
 garbage-first heap   total 96256K, used 19761K [0x0000000080c00000, 0x0000000100000000)
  region size 1024K, 1 young (1024K), 1 survivors (1024K)
 Metaspace       used 45348K, committed 45632K, reserved 1089536K
  class space    used 6188K, committed 6336K, reserved 1048576K
}

